# JRE version: Java(TM) SE Runtime Environment (8.0_45-b14) (build 1.8.0_45-b14)
# Java VM: Java HotSpot(TM) 64-Bit Server VM (25.45-b02 mixed mode bsd-amd64 compressed oops)
Heap:
 PSYoungGen      total 290304K, used 50988K [0x00000007aab00000, 0x00000007c0000000, 0x00000007c0000000)
  eden space 232960K, 21% used [0x00000007aab00000,0x00000007adccb3c0,0x00000007b8e80000)
  from space 57344K, 0% used [0x00000007b8e80000,0x00000007b8e80000,0x00000007bc680000)
  to   space 57856K, 0% used [0x00000007bc780000,0x00000007bc780000,0x00000007c0000000)
 ParOldGen       total 699392K, used 49802K [0x0000000780000000, 0x00000007aab00000, 0x00000007aab00000)
  object space 699392K, 7% used [0x0000000780000000,0x00000007830a2af0,0x00000007aab00000)
 Metaspace       used 112325K, capacity 113107K, committed 126208K, reserved 1153024K
  class space    used 18729K, capacity 18951K, committed 22784K, reserved 1048576K
GC Heap History (10 events):
Event: 28965.533 GC heap before
{Heap before GC invocations=22 (full 7):
 PSYoungGen      total 289792K, used 246336K [0x00000007aab00000, 0x00000007c0000000, 0x00000007c0000000)
  eden space 227840K, 100% used [0x00000007aab00000,0x00000007b8980000,0x00000007b8980000)
  from space 61952K, 29% used [0x00000007bc380000,0x00000007bd590350,0x00000007c0000000)
  to   space 59392K, 0% used [0x00000007b8980000,0x00000007b8980000,0x00000007bc380000)
 ParOldGen       total 699392K, used 54819K [0x0000000780000000, 0x00000007aab00000, 0x00000007aab00000)
  object space 699392K, 7% used [0x0000000780000000,0x0000000783588c38,0x00000007aab00000)
 Metaspace       used 125516K, capacity 126448K, committed 126720K, reserved 1155072K
  class space    used 21124K, capacity 21428K, committed 21504K, reserved 1048576K
Event: 28965.571 GC heap after
Heap after GC invocations=22 (full 7):
 PSYoungGen      total 287232K, used 32368K [0x00000007aab00000, 0x00000007c0000000, 0x00000007c0000000)
  eden space 227840K, 0% used [0x00000007aab00000,0x00000007aab00000,0x00000007b8980000)
  from space 59392K, 54% used [0x00000007b8980000,0x00000007ba91c0c0,0x00000007bc380000)
  to   space 58880K, 0% used [0x00000007bc680000,0x00000007bc680000,0x00000007c0000000)
 ParOldGen       total 699392K, used 61562K [0x0000000780000000, 0x00000007aab00000, 0x00000007aab00000)
  object space 699392K, 8% used [0x0000000780000000,0x0000000783c1ea40,0x00000007aab00000)
 Metaspace       used 125516K, capacity 126448K, committed 126720K, reserved 1155072K
  class space    used 21124K, capacity 21428K, committed 21504K, reserved 1048576K
}
Event: 28970.007 GC heap before
{Heap before GC invocations=23 (full 7):
 PSYoungGen      total 287232K, used 192780K [0x00000007aab00000, 0x00000007c0000000, 0x00000007c0000000)
  eden space 227840K, 70% used [0x00000007aab00000,0x00000007b47a7138,0x00000007b8980000)
  from space 59392K, 54% used [0x00000007b8980000,0x00000007ba91c0c0,0x00000007bc380000)
  to   space 58880K, 0% used [0x00000007bc680000,0x00000007bc680000,0x00000007c0000000)
 ParOldGen       total 699392K, used 61562K [0x0000000780000000, 0x00000007aab00000, 0x00000007aab00000)
  object space 699392K, 8% used [0x0000000780000000,0x0000000783c1ea40,0x00000007aab00000)
 Metaspace       used 135020K, capacity 135918K, committed 136448K, reserved 1163264K
  class space    used 22468K, capacity 22745K, committed 22784K, reserved 1048576K
Event: 28970.026 GC heap after
Heap after GC invocations=23 (full 7):
 PSYoungGen      total 291840K, used 13740K [0x00000007aab00000, 0x00000007c0000000, 0x00000007c0000000)
  eden space 232960K, 0% used [0x00000007aab00000,0x00000007aab00000,0x00000007b8e80000)
  from space 58880K, 23% used [0x00000007bc680000,0x00000007bd3eb3b0,0x00000007c0000000)
  to   space 57344K, 0% used [0x00000007b8e80000,0x00000007b8e80000,0x00000007bc680000)
 ParOldGen       total 699392K, used 62736K [0x0000000780000000, 0x00000007aab00000, 0x00000007aab00000)
  object space 699392K, 8% used [0x0000000780000000,0x0000000783d44020,0x00000007aab00000)
 Metaspace       used 135020K, capacity 135918K, committed 136448K, reserved 1163264K
  class space    used 22468K, capacity 22745K, committed 22784K, reserved 1048576K
}
Event: 28970.026 GC heap before
{Heap before GC invocations=24 (full 8):
 PSYoungGen      total 291840K, used 13740K [0x00000007aab00000, 0x00000007c0000000, 0x00000007c0000000)
  eden space 232960K, 0% used [0x00000007aab00000,0x00000007aab00000,0x00000007b8e80000)
  from space 58880K, 23% used [0x00000007bc680000,0x00000007bd3eb3b0,0x00000007c0000000)
  to   space 57344K, 0% used [0x00000007b8e80000,0x00000007b8e80000,0x00000007bc680000)
 ParOldGen       total 699392K, used 62736K [0x0000000780000000, 0x00000007aab00000, 0x00000007aab00000)
  object space 699392K, 8% used [0x0000000780000000,0x0000000783d44020,0x00000007aab00000)
 Metaspace       used 135020K, capacity 135918K, committed 136448K, reserved 1163264K
  class space    used 22468K, capacity 22745K, committed 22784K, reserved 1048576K
Event: 28970.390 GC heap after
Heap after GC invocations=24 (full 8):
 PSYoungGen      total 291840K, used 0K [0x00000007aab00000, 0x00000007c0000000, 0x00000007c0000000)
  eden space 232960K, 0% used [0x00000007aab00000,0x00000007aab00000,0x00000007b8e80000)
  from space 58880K, 0% used [0x00000007bc680000,0x00000007bc680000,0x00000007c0000000)
  to   space 57344K, 0% used [0x00000007b8e80000,0x00000007b8e80000,0x00000007bc680000)
 ParOldGen       total 699392K, used 59211K [0x0000000780000000, 0x00000007aab00000, 0x00000007aab00000)
  object space 699392K, 8% used [0x0000000780000000,0x00000007839d2ef8,0x00000007aab00000)
 Metaspace       used 112633K, capacity 113463K, committed 126208K, reserved 1153024K
  class space    used 18918K, capacity 19147K, committed 22784K, reserved 1048576K
}
Event: 28970.520 GC heap before
{Heap before GC invocations=25 (full 8):
 PSYoungGen      total 291840K, used 4855K [0x00000007aab00000, 0x00000007c0000000, 0x00000007c0000000)
  eden space 232960K, 2% used [0x00000007aab00000,0x00000007aafbddd8,0x00000007b8e80000)
  from space 58880K, 0% used [0x00000007bc680000,0x00000007bc680000,0x00000007c0000000)
  to   space 57344K, 0% used [0x00000007b8e80000,0x00000007b8e80000,0x00000007bc680000)
 ParOldGen       total 699392K, used 59211K [0x0000000780000000, 0x00000007aab00000, 0x00000007aab00000)
  object space 699392K, 8% used [0x0000000780000000,0x00000007839d2ef8,0x00000007aab00000)
 Metaspace       used 112633K, capacity 113463K, committed 126208K, reserved 1153024K
  class space    used 18918K, capacity 19147K, committed 22784K, reserved 1048576K
Event: 28970.523 GC heap after
Heap after GC invocations=25 (full 8):
 PSYoungGen      total 290304K, used 64K [0x00000007aab00000, 0x00000007c0000000, 0x00000007c0000000)
  eden space 232960K, 0% used [0x00000007aab00000,0x00000007aab00000,0x00000007b8e80000)
  from space 57344K, 0% used [0x00000007b8e80000,0x00000007b8e90000,0x00000007bc680000)
  to   space 57856K, 0% used [0x00000007bc780000,0x00000007bc780000,0x00000007c0000000)
 ParOldGen       total 699392K, used 59211K [0x0000000780000000, 0x00000007aab00000, 0x00000007aab00000)
  object space 699392K, 8% used [0x0000000780000000,0x00000007839d2ef8,0x00000007aab00000)
 Metaspace       used 112633K, capacity 113463K, committed 126208K, reserved 1153024K
  class space    used 18918K, capacity 19147K, committed 22784K, reserved 1048576K
}
Event: 28970.523 GC heap before
{Heap before GC invocations=26 (full 9):
 PSYoungGen      total 290304K, used 64K [0x00000007aab00000, 0x00000007c0000000, 0x00000007c0000000)
  eden space 232960K, 0% used [0x00000007aab00000,0x00000007aab00000,0x00000007b8e80000)
  from space 57344K, 0% used [0x00000007b8e80000,0x00000007b8e90000,0x00000007bc680000)
  to   space 57856K, 0% used [0x00000007bc780000,0x00000007bc780000,0x00000007c0000000)
 ParOldGen       total 699392K, used 59211K [0x0000000780000000, 0x00000007aab00000, 0x00000007aab00000)
  object space 699392K, 8% used [0x0000000780000000,0x00000007839d2ef8,0x00000007aab00000)
 Metaspace       used 112633K, capacity 113463K, committed 126208K, reserved 1153024K
  class space    used 18918K, capacity 19147K, committed 22784K, reserved 1048576K
Event: 28970.816 GC heap after
Heap after GC invocations=26 (full 9):
 PSYoungGen      total 290304K, used 0K [0x00000007aab00000, 0x00000007c0000000, 0x00000007c0000000)
  eden space 232960K, 0% used [0x00000007aab00000,0x00000007aab00000,0x00000007b8e80000)
  from space 57344K, 0% used [0x00000007b8e80000,0x00000007b8e80000,0x00000007bc680000)
  to   space 57856K, 0% used [0x00000007bc780000,0x00000007bc780000,0x00000007c0000000)
 ParOldGen       total 699392K, used 49802K [0x0000000780000000, 0x00000007aab00000, 0x00000007aab00000)
  object space 699392K, 7% used [0x0000000780000000,0x00000007830a2af0,0x00000007aab00000)
 Metaspace       used 111809K, capacity 112595K, committed 126208K, reserved 1153024K
  class space    used 18620K, capacity 18823K, committed 22784K, reserved 1048576K
}

